<?xml version="1.0" encoding="UTF-8"?>
<!-- Generated by org.testng.reporters.JUnitXMLReporter -->
<testsuite ignored="0" hostname="BOMINA-NW11195" failures="0" tests="1" name="Default test(failed)" time="0.069" errors="0" timestamp="2025-03-10T08:41:07 IST">
  <testcase classname="testBase.BaseClass" name="@BeforeClass setup" time="-1.74157626719E9">
    <failure type="org.testng.TestNGException" message="
Parameter &amp;apos;os&amp;apos; is required by BeforeClass on method setup but has not been marked @Optional or defined
in C:\Users\akshay.dupate\Downloads\AK Automation Tools\eclipse-java\eclipse-workspace\SeleniumWebDriver\OpencartV1\test-output\testng-failed.xml">
      <![CDATA[org.testng.TestNGException: 
Parameter 'os' is required by BeforeClass on method setup but has not been marked @Optional or defined
in C:\Users\akshay.dupate\Downloads\AK Automation Tools\eclipse-java\eclipse-workspace\SeleniumWebDriver\OpencartV1\test-output\testng-failed.xml
at java.base/java.util.ArrayList.forEach(ArrayList.java:1596)
... Removed 22 stack frames]]>
    </failure>
  </testcase> <!-- @BeforeClass setup -->
  <testcase classname="testBase.BaseClass" name="@AfterClass tearDown" time="0.0">
    <skipped/>
  </testcase> <!-- @AfterClass tearDown -->
  <testcase classname="testCases.TC002_LoginTest" name="verify_login" time="0.0">
    <skipped/>
  </testcase> <!-- verify_login -->
</testsuite> <!-- Default test(failed) -->
